  stdafx.cpp
  imgui_impl_glfw.cpp
  imgui_impl_opengl3.cpp
  imgui.cpp
  imgui_demo.cpp
  imgui_draw.cpp
  imgui_tables.cpp
  imgui_widgets.cpp
  InitShader.cpp
  Light.cpp
  MeshModel.cpp
  Poly.cpp
  RayTransmitter.cpp
  Renderer.cpp
  Scene.cpp
  RayTracing_GPU_CPU.cpp
  Utils.cpp
LINK : warning LNK4098: defaultlib 'LIBCMT' conflicts with use of other libs; use /NODEFAULTLIB:library
  Generating code
  Finished generating code
  RayTracing_GPU_CPU.vcxproj -> C:\Project_B\code\CG_Project_B\Release\RayTracing_GPU_CPU.exe
