  stdafx.cpp
  imgui_impl_glfw.cpp
  imgui_impl_opengl3.cpp
  imgui.cpp
  imgui_demo.cpp
  imgui_draw.cpp
  imgui_tables.cpp
  imgui_widgets.cpp
  InitShader.cpp
  Light.cpp
  MeshModel.cpp
C:\Program Files (x86)\Microsoft Visual Studio\2019\Community\VC\Tools\MSVC\14.29.30133\include\xmemory(681,47): warning C4244: 'initializing': conversion from 'const _Ty' to '_Objty', possible loss of data
          with
          [
              _Ty=float
          ]
          and
          [
              _Objty=unsigned char
          ]
C:\Program Files (x86)\Microsoft Visual Studio\2019\Community\VC\Tools\MSVC\14.29.30133\include\xmemory(1619): message : see reference to function template instantiation 'void std::_Default_allocator_traits<_Alloc>::construct<_Ty,const float&>(_Alloc &,_Objty *const ,const float &)' being compiled
          with
          [
              _Alloc=std::allocator<unsigned char>,
              _Ty=unsigned char,
              _Objty=unsigned char
          ]
C:\Program Files (x86)\Microsoft Visual Studio\2019\Community\VC\Tools\MSVC\14.29.30133\include\xmemory(1620): message : see reference to function template instantiation 'void std::_Default_allocator_traits<_Alloc>::construct<_Ty,const float&>(_Alloc &,_Objty *const ,const float &)' being compiled
          with
          [
              _Alloc=std::allocator<unsigned char>,
              _Ty=unsigned char,
              _Objty=unsigned char
          ]
C:\Program Files (x86)\Microsoft Visual Studio\2019\Community\VC\Tools\MSVC\14.29.30133\include\xmemory(1659): message : see reference to function template instantiation 'void std::_Uninitialized_backout_al<_Alloc>::_Emplace_back<const float&>(const float &)' being compiled
          with
          [
              _Alloc=std::allocator<unsigned char>
          ]
C:\Program Files (x86)\Microsoft Visual Studio\2019\Community\VC\Tools\MSVC\14.29.30133\include\xmemory(1659): message : see reference to function template instantiation 'void std::_Uninitialized_backout_al<_Alloc>::_Emplace_back<const float&>(const float &)' being compiled
          with
          [
              _Alloc=std::allocator<unsigned char>
          ]
C:\Program Files (x86)\Microsoft Visual Studio\2019\Community\VC\Tools\MSVC\14.29.30133\include\vector(1641): message : see reference to function template instantiation 'unsigned char *std::_Uninitialized_copy<_Iter,std::allocator<unsigned char>>(const _InIt,const _InIt,unsigned char *,_Alloc &)' being compiled
          with
          [
              _Iter=const float *,
              _InIt=const float *,
              _Alloc=std::allocator<unsigned char>
          ]
C:\Program Files (x86)\Microsoft Visual Studio\2019\Community\VC\Tools\MSVC\14.29.30133\include\vector(517): message : see reference to function template instantiation 'unsigned char *std::vector<unsigned char,std::allocator<unsigned char>>::_Ucopy<_Iter>(_Iter,_Iter,unsigned char *)' being compiled
          with
          [
              _Iter=const float *
          ]
C:\Program Files (x86)\Microsoft Visual Studio\2019\Community\VC\Tools\MSVC\14.29.30133\include\vector(517): message : see reference to function template instantiation 'unsigned char *std::vector<unsigned char,std::allocator<unsigned char>>::_Ucopy<_Iter>(_Iter,_Iter,unsigned char *)' being compiled
          with
          [
              _Iter=const float *
          ]
C:\Program Files (x86)\Microsoft Visual Studio\2019\Community\VC\Tools\MSVC\14.29.30133\include\vector(529): message : see reference to function template instantiation 'void std::vector<unsigned char,std::allocator<unsigned char>>::_Range_construct_or_tidy<const float*>(_Iter,_Iter,std::forward_iterator_tag)' being compiled
          with
          [
              _Iter=const float *
          ]
C:\Program Files (x86)\Microsoft Visual Studio\2019\Community\VC\Tools\MSVC\14.29.30133\include\vector(529): message : see reference to function template instantiation 'void std::vector<unsigned char,std::allocator<unsigned char>>::_Range_construct_or_tidy<const float*>(_Iter,_Iter,std::forward_iterator_tag)' being compiled
          with
          [
              _Iter=const float *
          ]
C:\Project_B\code\CG_Project_B\CG_skel_w_MFC\MeshModel.cpp(1219): message : see reference to function template instantiation 'std::vector<unsigned char,std::allocator<unsigned char>>::vector<std::_Vector_const_iterator<std::_Vector_val<std::_Simple_types<_Ty>>>,0>(_Iter,_Iter,const _Alloc &)' being compiled
          with
          [
              _Ty=float,
              _Iter=std::_Vector_const_iterator<std::_Vector_val<std::_Simple_types<float>>>,
              _Alloc=std::allocator<unsigned char>
          ]
C:\Project_B\code\CG_Project_B\CG_skel_w_MFC\MeshModel.cpp(1219): message : see reference to function template instantiation 'std::vector<unsigned char,std::allocator<unsigned char>>::vector<std::_Vector_const_iterator<std::_Vector_val<std::_Simple_types<_Ty>>>,0>(_Iter,_Iter,const _Alloc &)' being compiled
          with
          [
              _Ty=float,
              _Iter=std::_Vector_const_iterator<std::_Vector_val<std::_Simple_types<float>>>,
              _Alloc=std::allocator<unsigned char>
          ]
  Poly.cpp
  Renderer.cpp
  Scene.cpp
  CG_skel_w_glfw.cpp
  Utils.cpp
LINK : warning LNK4098: defaultlib 'LIBCMT' conflicts with use of other libs; use /NODEFAULTLIB:library
  Generating code
  Finished generating code
  CG_skel_w_MFC.vcxproj -> C:\Project_B\code\CG_Project_B\Release\CG_skel_w_glfw.exe
