c:\project_b\code\cg_project_b\cg_skel_w_mfc\debug\cg_skel_w_glfw.pch
c:\project_b\code\cg_project_b\cg_skel_w_mfc\debug\vc142.pdb
c:\project_b\code\cg_project_b\cg_skel_w_mfc\debug\vc142.idb
c:\project_b\code\cg_project_b\cg_skel_w_mfc\debug\stdafx.obj
c:\project_b\code\cg_project_b\cg_skel_w_mfc\debug\imgui_impl_glfw.obj
c:\project_b\code\cg_project_b\cg_skel_w_mfc\debug\imgui_impl_opengl3.obj
c:\project_b\code\cg_project_b\cg_skel_w_mfc\debug\imgui.obj
c:\project_b\code\cg_project_b\cg_skel_w_mfc\debug\imgui_demo.obj
c:\project_b\code\cg_project_b\cg_skel_w_mfc\debug\imgui_draw.obj
c:\project_b\code\cg_project_b\cg_skel_w_mfc\debug\imgui_tables.obj
c:\project_b\code\cg_project_b\cg_skel_w_mfc\debug\imgui_widgets.obj
c:\project_b\code\cg_project_b\cg_skel_w_mfc\debug\initshader.obj
c:\project_b\code\cg_project_b\cg_skel_w_mfc\debug\light.obj
c:\project_b\code\cg_project_b\cg_skel_w_mfc\debug\meshmodel.obj
c:\project_b\code\cg_project_b\cg_skel_w_mfc\debug\poly.obj
c:\project_b\code\cg_project_b\cg_skel_w_mfc\debug\raytransmitter.obj
c:\project_b\code\cg_project_b\cg_skel_w_mfc\debug\renderer.obj
c:\project_b\code\cg_project_b\cg_skel_w_mfc\debug\scene.obj
c:\project_b\code\cg_project_b\cg_skel_w_mfc\debug\cg_skel_w_glfw.obj
c:\project_b\code\cg_project_b\cg_skel_w_mfc\debug\utils.obj
c:\project_b\code\cg_project_b\cg_skel_w_mfc\debug\cg_skel_w_mfc.res
c:\project_b\code\cg_project_b\debug\cg_skel_w_glfw.pdb
c:\project_b\code\cg_project_b\cg_skel_w_mfc\debug\cg_skel_w_glfw.tlog\cl.command.1.tlog
c:\project_b\code\cg_project_b\cg_skel_w_mfc\debug\cg_skel_w_glfw.tlog\cl.read.1.tlog
c:\project_b\code\cg_project_b\cg_skel_w_mfc\debug\cg_skel_w_glfw.tlog\cl.write.1.tlog
c:\project_b\code\cg_project_b\cg_skel_w_mfc\debug\cg_skel_w_glfw.tlog\link.14932-cvtres.read.1.tlog
c:\project_b\code\cg_project_b\cg_skel_w_mfc\debug\cg_skel_w_glfw.tlog\link.14932-cvtres.write.1.tlog
c:\project_b\code\cg_project_b\cg_skel_w_mfc\debug\cg_skel_w_glfw.tlog\link.14932-mt.read.1.tlog
c:\project_b\code\cg_project_b\cg_skel_w_mfc\debug\cg_skel_w_glfw.tlog\link.14932-mt.write.1.tlog
c:\project_b\code\cg_project_b\cg_skel_w_mfc\debug\cg_skel_w_glfw.tlog\link.14932-rc.read.1.tlog
c:\project_b\code\cg_project_b\cg_skel_w_mfc\debug\cg_skel_w_glfw.tlog\link.14932-rc.write.1.tlog
c:\project_b\code\cg_project_b\cg_skel_w_mfc\debug\cg_skel_w_glfw.tlog\link.14932.read.1.tlog
c:\project_b\code\cg_project_b\cg_skel_w_mfc\debug\cg_skel_w_glfw.tlog\link.14932.write.1.tlog
c:\project_b\code\cg_project_b\cg_skel_w_mfc\debug\cg_skel_w_glfw.tlog\link.command.1.tlog
c:\project_b\code\cg_project_b\cg_skel_w_mfc\debug\cg_skel_w_glfw.tlog\link.read.1.tlog
c:\project_b\code\cg_project_b\cg_skel_w_mfc\debug\cg_skel_w_glfw.tlog\link.write.1.tlog
c:\project_b\code\cg_project_b\cg_skel_w_mfc\debug\cg_skel_w_glfw.tlog\rc.command.1.tlog
c:\project_b\code\cg_project_b\cg_skel_w_mfc\debug\cg_skel_w_glfw.tlog\rc.read.1.tlog
c:\project_b\code\cg_project_b\cg_skel_w_mfc\debug\cg_skel_w_glfw.tlog\rc.write.1.tlog
